# JRE version: Java(TM) SE Runtime Environment (16.0.2+7) (build 16.0.2+7-67)
# Java VM: Java HotSpot(TM) 64-Bit Server VM (16.0.2+7-67, mixed mode, sharing, tiered, compressed oops, compressed class ptrs, g1 gc, windows-amd64)
GC Precious Log:
 CPUs: 4 total, 4 available
 Memory: 3955M
 Large Page Support: Disabled
 NUMA Support: Disabled
 Compressed Oops: Enabled (32-bit)
 Heap Region Size: 1M
 Heap Min Capacity: 256M
 Heap Initial Capacity: 256M
 Heap Max Capacity: 512M
 Pre-touch: Disabled
 Parallel Workers: 4
 Concurrent Workers: 1
 Concurrent Refinement Workers: 4
 Periodic GC: Disabled
Heap:
 garbage-first heap   total 262144K, used 216675K [0x00000000e0000000, 0x0000000100000000)
  region size 1024K, 127 young (130048K), 8 survivors (8192K)
 Metaspace       used 80582K, committed 81280K, reserved 286720K
  class space    used 9976K, committed 10304K, reserved 212992K
GC Heap History (20 events):
Event: 196.426 GC heap before
{Heap before GC invocations=35 (full 0):
 garbage-first heap   total 262144K, used 224746K [0x00000000e0000000, 0x0000000100000000)
  region size 1024K, 140 young (143360K), 6 survivors (6144K)
 Metaspace       used 77713K, committed 78336K, reserved 286720K
  class space    used 9704K, committed 9984K, reserved 212992K
}
Event: 196.437 GC heap after
{Heap after GC invocations=36 (full 0):
 garbage-first heap   total 262144K, used 88639K [0x00000000e0000000, 0x0000000100000000)
  region size 1024K, 6 young (6144K), 6 survivors (6144K)
 Metaspace       used 77713K, committed 78336K, reserved 286720K
  class space    used 9704K, committed 9984K, reserved 212992K
}
Event: 197.645 GC heap before
{Heap before GC invocations=36 (full 0):
 garbage-first heap   total 262144K, used 228927K [0x00000000e0000000, 0x0000000100000000)
  region size 1024K, 141 young (144384K), 6 survivors (6144K)
 Metaspace       used 78069K, committed 78656K, reserved 286720K
  class space    used 9735K, committed 9984K, reserved 212992K
}
Event: 197.658 GC heap after
{Heap after GC invocations=37 (full 0):
 garbage-first heap   total 262144K, used 88698K [0x00000000e0000000, 0x0000000100000000)
  region size 1024K, 6 young (6144K), 6 survivors (6144K)
 Metaspace       used 78069K, committed 78656K, reserved 286720K
  class space    used 9735K, committed 9984K, reserved 212992K
}
Event: 198.585 GC heap before
{Heap before GC invocations=37 (full 0):
 garbage-first heap   total 262144K, used 230010K [0x00000000e0000000, 0x0000000100000000)
  region size 1024K, 142 young (145408K), 6 survivors (6144K)
 Metaspace       used 78105K, committed 78720K, reserved 286720K
  class space    used 9738K, committed 9984K, reserved 212992K
}
Event: 198.597 GC heap after
{Heap after GC invocations=38 (full 0):
 garbage-first heap   total 262144K, used 88741K [0x00000000e0000000, 0x0000000100000000)
  region size 1024K, 6 young (6144K), 6 survivors (6144K)
 Metaspace       used 78105K, committed 78720K, reserved 286720K
  class space    used 9738K, committed 9984K, reserved 212992K
}
Event: 199.729 GC heap before
{Heap before GC invocations=38 (full 0):
 garbage-first heap   total 262144K, used 231077K [0x00000000e0000000, 0x0000000100000000)
  region size 1024K, 143 young (146432K), 6 survivors (6144K)
 Metaspace       used 78449K, committed 79104K, reserved 286720K
  class space    used 9775K, committed 10048K, reserved 212992K
}
Event: 199.759 GC heap after
{Heap after GC invocations=39 (full 0):
 garbage-first heap   total 262144K, used 88737K [0x00000000e0000000, 0x0000000100000000)
  region size 1024K, 6 young (6144K), 6 survivors (6144K)
 Metaspace       used 78449K, committed 79104K, reserved 286720K
  class space    used 9775K, committed 10048K, reserved 212992K
}
Event: 212.358 GC heap before
{Heap before GC invocations=39 (full 0):
 garbage-first heap   total 262144K, used 229025K [0x00000000e0000000, 0x0000000100000000)
  region size 1024K, 143 young (146432K), 6 survivors (6144K)
 Metaspace       used 78864K, committed 79424K, reserved 286720K
  class space    used 9803K, committed 10048K, reserved 212992K
}
Event: 212.388 GC heap after
{Heap after GC invocations=40 (full 0):
 garbage-first heap   total 262144K, used 88525K [0x00000000e0000000, 0x0000000100000000)
  region size 1024K, 7 young (7168K), 7 survivors (7168K)
 Metaspace       used 78864K, committed 79424K, reserved 286720K
  class space    used 9803K, committed 10048K, reserved 212992K
}
Event: 216.592 GC heap before
{Heap before GC invocations=40 (full 0):
 garbage-first heap   total 262144K, used 227789K [0x00000000e0000000, 0x0000000100000000)
  region size 1024K, 143 young (146432K), 7 survivors (7168K)
 Metaspace       used 78876K, committed 79424K, reserved 286720K
  class space    used 9803K, committed 10048K, reserved 212992K
}
Event: 216.606 GC heap after
{Heap after GC invocations=41 (full 0):
 garbage-first heap   total 262144K, used 89772K [0x00000000e0000000, 0x0000000100000000)
  region size 1024K, 8 young (8192K), 8 survivors (8192K)
 Metaspace       used 78876K, committed 79424K, reserved 286720K
  class space    used 9803K, committed 10048K, reserved 212992K
}
Event: 219.474 GC heap before
{Heap before GC invocations=41 (full 0):
 garbage-first heap   total 262144K, used 229036K [0x00000000e0000000, 0x0000000100000000)
  region size 1024K, 142 young (145408K), 8 survivors (8192K)
 Metaspace       used 78998K, committed 79616K, reserved 286720K
  class space    used 9803K, committed 10048K, reserved 212992K
}
Event: 219.498 GC heap after
{Heap after GC invocations=42 (full 0):
 garbage-first heap   total 262144K, used 98660K [0x00000000e0000000, 0x0000000100000000)
  region size 1024K, 15 young (15360K), 15 survivors (15360K)
 Metaspace       used 78998K, committed 79616K, reserved 286720K
  class space    used 9803K, committed 10048K, reserved 212992K
}
Event: 227.091 GC heap before
{Heap before GC invocations=42 (full 0):
 garbage-first heap   total 262144K, used 218468K [0x00000000e0000000, 0x0000000100000000)
  region size 1024K, 133 young (136192K), 15 survivors (15360K)
 Metaspace       used 79275K, committed 79808K, reserved 286720K
  class space    used 9807K, committed 10048K, reserved 212992K
}
Event: 227.121 GC heap after
{Heap after GC invocations=43 (full 0):
 garbage-first heap   total 262144K, used 97914K [0x00000000e0000000, 0x0000000100000000)
  region size 1024K, 9 young (9216K), 9 survivors (9216K)
 Metaspace       used 79275K, committed 79808K, reserved 286720K
  class space    used 9807K, committed 10048K, reserved 212992K
}
Event: 229.374 GC heap before
{Heap before GC invocations=43 (full 0):
 garbage-first heap   total 262144K, used 216698K [0x00000000e0000000, 0x0000000100000000)
  region size 1024K, 125 young (128000K), 9 survivors (9216K)
 Metaspace       used 79289K, committed 79872K, reserved 286720K
  class space    used 9807K, committed 10048K, reserved 212992K
}
Event: 229.385 GC heap after
{Heap after GC invocations=44 (full 0):
 garbage-first heap   total 262144K, used 94913K [0x00000000e0000000, 0x0000000100000000)
  region size 1024K, 7 young (7168K), 7 survivors (7168K)
 Metaspace       used 79289K, committed 79872K, reserved 286720K
  class space    used 9807K, committed 10048K, reserved 212992K
}
Event: 231.240 GC heap before
{Heap before GC invocations=44 (full 0):
 garbage-first heap   total 262144K, used 216769K [0x00000000e0000000, 0x0000000100000000)
  region size 1024K, 127 young (130048K), 7 survivors (7168K)
 Metaspace       used 79347K, committed 79872K, reserved 286720K
  class space    used 9813K, committed 10048K, reserved 212992K
}
Event: 231.257 GC heap after
{Heap after GC invocations=45 (full 0):
 garbage-first heap   total 262144K, used 95843K [0x00000000e0000000, 0x0000000100000000)
  region size 1024K, 8 young (8192K), 8 survivors (8192K)
 Metaspace       used 79347K, committed 79872K, reserved 286720K
  class space    used 9813K, committed 10048K, reserved 212992K
}

